<?xml version="1.0" encoding="UTF-8"?>
<!-- Generated by org.testng.reporters.JUnitReportReporter -->
<testsuite hostname="DESKTOP-DI9J3JR" failures="0" tests="3" name="MyShop_testCase.Test_Luma_Home_Page" time="4.261" errors="0" timestamp="2024-10-05T17:05:17 IST" skipped="0">
  <testcase classname="MyShop_testCase.Test_Luma_Home_Page" name="TestPageTitle" time="0.660"/>
  <testcase classname="MyShop_testCase.Test_Luma_Home_Page" name="TestLogo" time="1.680"/>
  <testcase classname="MyShop_testCase.Test_Luma_Home_Page" name="TestSigninPage_navigation" time="1.921"/>
</testsuite> <!-- MyShop_testCase.Test_Luma_Home_Page -->
